2016-11-14 20:00:21,767 [15467]: INFO Executing Testcase 1...........
2016-11-14 20:00:21,802 [15467]: INFO Signing in..........
2016-11-14 20:02:43,969 [15633]: INFO Executing Testcase 1...........
2016-11-14 20:02:43,969 [15633]: INFO Signing in..........
2016-11-14 20:09:50,695 [16112]: INFO Executing Testcase 1...........
2016-11-14 20:09:50,708 [16112]: INFO Signing in..........
2016-11-14 20:11:49,012 [16299]: INFO Executing Testcase 1...........
2016-11-14 20:11:49,012 [16299]: INFO Signing in..........
2016-11-14 20:34:47,923 [17150]: INFO Executing Testcase 1...........
2016-11-14 20:34:47,923 [17150]: INFO Signing in..........
2016-11-14 20:38:55,021 [17330]: INFO Executing Testcase 1...........
2016-11-14 20:38:55,022 [17330]: INFO Signing in..........
2016-11-14 20:39:14,917 [17330]: INFO Survey created
2016-11-15 12:02:14,741 [4925]: INFO Executing Testcase 1...........
2016-11-15 12:02:14,780 [4925]: INFO Signing in..........
2016-11-15 12:02:34,709 [4925]: INFO Survey created
2016-11-15 12:07:55,595 [5197]: INFO Executing Testcase 1...........
2016-11-15 12:07:55,617 [5197]: INFO Signing in..........
2016-11-15 12:08:14,845 [5197]: INFO Survey created
2016-11-15 12:08:56,783 [5357]: INFO Executing Testcase 1...........
2016-11-15 12:08:56,783 [5357]: INFO Signing in..........
2016-11-15 12:09:19,556 [5357]: INFO Survey created
2016-11-15 12:31:58,288 [5930]: INFO Executing Testcase 1...........
2016-11-15 12:31:58,288 [5930]: INFO Signing in..........
2016-11-15 12:32:17,865 [5930]: INFO Survey created
2016-11-15 12:34:50,170 [6115]: INFO Executing Testcase 1...........
2016-11-15 12:34:50,170 [6115]: INFO Signing in..........
2016-11-15 12:36:08,421 [6115]: INFO Survey created
2016-11-15 14:37:43,701 [8976]: INFO Executing Testcase 1...........
2016-11-15 14:37:43,767 [8976]: INFO Signing in..........
2016-11-15 14:38:56,452 [8976]: INFO Survey created
2016-11-15 14:40:59,837 [8976]: INFO Failed to add drop down type of question
2016-11-15 14:45:15,143 [9333]: INFO Executing Testcase 1...........
2016-11-15 14:45:15,143 [9333]: INFO Signing in..........
2016-11-15 14:45:35,958 [9333]: INFO Survey created
2016-11-15 14:46:31,491 [9333]: INFO Failed to add drop down type of question
2016-11-15 14:48:58,573 [9600]: INFO Executing Testcase 1...........
2016-11-15 14:48:58,573 [9600]: INFO Signing in..........
2016-11-15 14:49:19,486 [9600]: INFO Survey created
2016-11-15 14:50:15,019 [9600]: INFO Failed to add drop down type of question
2016-11-15 14:54:47,718 [9874]: INFO Executing Testcase 1...........
2016-11-15 14:54:47,718 [9874]: INFO Signing in..........
2016-11-15 14:55:11,233 [9874]: INFO Survey created
2016-11-15 14:56:09,680 [9874]: INFO Failed to add drop down type of question
2016-11-15 14:59:29,666 [10181]: INFO Executing Testcase 1...........
2016-11-15 14:59:29,667 [10181]: INFO Signing in..........
2016-11-15 14:59:50,962 [10181]: INFO Survey created
2016-11-15 15:00:46,864 [10181]: INFO Failed to add drop down type of question
2016-11-15 16:54:45,641 [12639]: INFO Executing Testcase 1...........
2016-11-15 16:54:45,675 [12639]: INFO Signing in..........
2016-11-15 16:56:07,051 [12639]: INFO Survey created
2016-11-15 18:07:35,732 [14464]: INFO Executing Testcase 1...........
2016-11-15 18:07:35,769 [14464]: INFO Signing in..........
2016-11-15 18:08:04,976 [14464]: INFO Survey created
2016-11-15 18:08:13,770 [14464]: INFO Added single text type of question
2016-11-15 18:20:51,316 [15030]: INFO Executing Testcase 1...........
2016-11-15 18:20:51,323 [15030]: INFO Signing in..........
2016-11-15 18:21:13,429 [15030]: INFO Survey created
2016-11-15 18:21:21,799 [15030]: INFO Added single text type of question
2016-11-15 18:29:24,255 [15350]: INFO Executing Testcase 1...........
2016-11-15 18:29:24,255 [15350]: INFO Signing in..........
2016-11-15 18:29:47,185 [15350]: INFO Survey created
2016-11-15 18:29:57,864 [15350]: INFO Added single text type of question
2016-11-15 18:33:05,142 [15576]: INFO Executing Testcase 1...........
2016-11-15 18:33:05,175 [15576]: INFO Signing in..........
2016-11-15 18:33:28,166 [15576]: INFO Survey created
2016-11-15 18:33:49,688 [15576]: INFO Added single text type of question
2016-11-15 18:38:03,574 [15862]: INFO Executing Testcase 1...........
2016-11-15 18:38:03,632 [15862]: INFO Signing in..........
2016-11-15 18:39:33,590 [15862]: INFO Survey created
2016-11-15 18:39:42,251 [15862]: INFO Added single text type of question
2016-11-15 18:43:49,789 [16157]: INFO Executing Testcase 1...........
2016-11-15 18:43:49,789 [16157]: INFO Signing in..........
2016-11-15 18:44:11,139 [16157]: INFO Survey created
2016-11-15 18:44:18,928 [16157]: INFO Added single text type of question
2016-11-15 18:44:24,004 [16157]: INFO Added multiple choice type of question
2016-11-15 18:55:09,944 [16650]: INFO Executing Testcase 1...........
2016-11-15 18:55:09,944 [16650]: INFO Signing in..........
2016-11-15 18:55:41,366 [16650]: INFO Survey created
2016-11-15 18:55:49,705 [16650]: INFO Added single text type of question
2016-11-15 18:59:40,992 [16986]: INFO Executing Testcase 1...........
2016-11-15 18:59:40,992 [16986]: INFO Signing in..........
2016-11-15 19:00:02,729 [16986]: INFO Survey created
2016-11-15 19:00:14,161 [16986]: INFO Added single text type of question
2016-11-15 19:00:19,232 [16986]: INFO Added multiple choice type of question
2016-11-15 19:12:59,062 [17697]: INFO Executing Testcase 1...........
2016-11-15 19:12:59,062 [17697]: INFO Signing in..........
2016-11-15 19:13:19,352 [17697]: INFO Survey created
2016-11-15 19:13:28,335 [17697]: INFO Added single text type of question
2016-11-15 19:13:33,455 [17697]: INFO Added multiple choice type of question
2016-11-15 19:13:38,382 [17697]: INFO Added Dropdown type of question
2016-11-15 19:24:42,504 [18192]: INFO Executing Testcase 1...........
2016-11-15 19:24:42,504 [18192]: INFO Signing in..........
2016-11-15 19:25:05,527 [18192]: INFO Survey created
2016-11-15 19:25:14,070 [18192]: INFO Added single text type of question
2016-11-15 19:25:19,190 [18192]: INFO Added multiple choice type of question
2016-11-15 19:25:24,112 [18192]: INFO Added Dropdown type of question
2016-11-15 19:25:24,112 [18192]: INFO Signing out..........
2016-11-15 19:28:18,804 [18415]: INFO Executing Testcase 1...........
2016-11-15 19:28:18,894 [18415]: INFO Signing in..........
2016-11-15 19:28:43,275 [18415]: INFO Survey created
2016-11-15 19:28:52,229 [18415]: INFO Added single text type of question
2016-11-15 19:28:57,417 [18415]: INFO Added multiple choice type of question
2016-11-15 19:29:02,372 [18415]: INFO Added Dropdown type of question
2016-11-15 19:29:05,375 [18415]: INFO Signing out..........
2016-11-15 19:40:27,057 [18992]: INFO Executing Testcase 1...........
2016-11-15 19:40:27,058 [18992]: INFO Signing in..........
2016-11-15 19:40:47,196 [18992]: INFO Survey created
2016-11-15 19:40:55,315 [18992]: INFO Added single text type of question
2016-11-15 19:41:00,363 [18992]: INFO Added multiple choice type of question
2016-11-15 19:41:05,303 [18992]: INFO Added Dropdown type of question
2016-11-15 19:41:08,306 [18992]: INFO Signing out..........
2016-11-15 19:41:24,554 [18992]: INFO successfully signout
2016-11-15 19:41:24,555 [18992]: INFO Testcase 1 passed
2016-11-15 19:46:34,094 [19274]: INFO Executing Testcase 1...........
2016-11-15 19:46:34,094 [19274]: INFO Signing in..........
2016-11-15 19:46:57,680 [19274]: INFO Survey created
2016-11-15 19:47:05,254 [19274]: INFO Added single text type of question
2016-11-15 19:47:10,294 [19274]: INFO Added multiple choice type of question
2016-11-15 19:47:15,237 [19274]: INFO Added Dropdown type of question
2016-11-15 19:47:15,237 [19274]: INFO Signing out..........
2016-11-15 19:47:23,486 [19274]: INFO successfully signout
2016-11-15 19:47:23,486 [19274]: INFO Testcase 1 passed
